#
# There is insufficient memory for the Java Runtime Environment to continue.
# Native memory allocation (malloc) failed to allocate 1048576 bytes for AllocateHeap
# Possible reasons:
#   The system is out of physical RAM or swap space
#   In 32 bit mode, the process size limit was hit
# Possible solutions:
#   Reduce memory load on the system
#   Increase physical memory or swap space
#   Check if swap backing store is full
#   Use 64 bit Java on a 64 bit OS
#   Decrease Java heap size (-Xmx/-Xms)
#   Decrease number of Java threads
#   Decrease Java thread stack sizes (-Xss)
#   Set larger code cache with -XX:ReservedCodeCacheSize=
# This output file may be truncated or incomplete.
#
#  Out of Memory Error (memory/allocation.inline.hpp:61), pid=27440, tid=0x0000000000002440
#
# JRE version:  (8.0_111-b14) (build )
# Java VM: Java HotSpot(TM) 64-Bit Server VM (25.111-b14 mixed mode windows-amd64 compressed oops)
# Failed to write core dump. Minidumps are not enabled by default on client versions of Windows
#

---------------  T H R E A D  ---------------

Current thread (0x0000000002982800):  JavaThread "Unknown thread" [_thread_in_vm, id=9280, stack(0x00000000010b0000,0x00000000011b0000)]

Stack: [0x00000000010b0000,0x00000000011b0000]
[error occurred during error reporting (printing stack bounds), id 0xc0000005]

Native frames: (J=compiled Java code, j=interpreted, Vv=VM code, C=native code)


---------------  P R O C E S S  ---------------

Java Threads: ( => current thread )

Other Threads:

=>0x0000000002982800 (exited) JavaThread "Unknown thread" [_thread_in_vm, id=9280, stack(0x00000000010b0000,0x00000000011b0000)]

VM state:not at safepoint (normal execution)

VM Mutex/Monitor currently owned by a thread: None

Heap:
 PSYoungGen      total 38400K, used 665K [0x00000000d5d80000, 0x00000000d8800000, 0x0000000100000000)
  eden space 33280K, 2% used [0x00000000d5d80000,0x00000000d5e26670,0x00000000d7e00000)
  from space 5120K, 0% used [0x00000000d8300000,0x00000000d8300000,0x00000000d8800000)
  to   space 5120K, 0% used [0x00000000d7e00000,0x00000000d7e00000,0x00000000d8300000)
 ParOldGen       total 87552K, used 0K [0x0000000081800000, 0x0000000086d80000, 0x00000000d5d80000)
  object space 87552K, 0% used [0x0000000081800000,0x0000000081800000,0x0000000086d80000)
 Metaspace       used 770K, capacity 4480K, committed 4480K, reserved 1056768K
  class space    used 75K, capacity 384K, committed 384K, reserved 1048576K

Card table byte_map: [0x0000000011e40000,0x0000000012240000] byte_map_base: 0x0000000011a34000

Marking Bits: (ParMarkBitMap*) 0x000000007389a6c0
 Begin Bits: [0x00000000128f0000, 0x0000000014890000)
 End Bits:   [0x0000000014890000, 0x0000000016830000)

Polling page: 0x0000000000bf0000

CodeCache: size=245760Kb used=328Kb max_used=328Kb free=245431Kb
 bounds [0x0000000002a80000, 0x0000000002cf0000, 0x0000000011a80000]
 total_blobs=58 nmethods=0 adapters=38
 compilation: enabled

Compilation events (0 events):
No events

GC Heap History (0 events):
No events

Deoptimization events (0 events):
No events

Internal exceptions (0 events):
No events

Events (10 events):
Event: 0.091 loading class java/lang/Short
Event: 0.091 loading class java/lang/Short done
Event: 0.091 loading class java/lang/Integer
Event: 0.091 loading class java/lang/Integer done
Event: 0.091 loading class java/lang/Long
Event: 0.092 loading class java/lang/Long done
Event: 0.092 loading class java/lang/NullPointerException
Event: 0.092 loading class java/lang/NullPointerException done
Event: 0.092 loading class java/lang/ArithmeticException
Event: 0.093 loading class java/lang/ArithmeticException done


Dynamic libraries:
0x00007ff6a54c0000 - 0x00007ff6a54f7000 	C:\Program Files\Java\jdk1.8.0_111\bin\java.exe
0x00007ffdb7eb0000 - 0x00007ffdb80a5000 	C:\WINDOWS\SYSTEM32\ntdll.dll
0x00007ffdb6e10000 - 0x00007ffdb6ecd000 	C:\WINDOWS\System32\KERNEL32.DLL
0x00007ffdb5860000 - 0x00007ffdb5b29000 	C:\WINDOWS\System32\KERNELBASE.dll
0x00007ffdb73a0000 - 0x00007ffdb744c000 	C:\WINDOWS\System32\ADVAPI32.dll
0x00007ffdb6b60000 - 0x00007ffdb6bfe000 	C:\WINDOWS\System32\msvcrt.dll
0x00007ffdb71d0000 - 0x00007ffdb726b000 	C:\WINDOWS\System32\sechost.dll
0x00007ffdb6fc0000 - 0x00007ffdb70ea000 	C:\WINDOWS\System32\RPCRT4.dll
0x00007ffdb7b90000 - 0x00007ffdb7d30000 	C:\WINDOWS\System32\USER32.dll
0x00007ffdb5830000 - 0x00007ffdb5852000 	C:\WINDOWS\System32\win32u.dll
0x00007ffdb6560000 - 0x00007ffdb658a000 	C:\WINDOWS\System32\GDI32.dll
0x00007ffdb5b30000 - 0x00007ffdb5c3b000 	C:\WINDOWS\System32\gdi32full.dll
0x00007ffdb5e50000 - 0x00007ffdb5eed000 	C:\WINDOWS\System32\msvcp_win.dll
0x00007ffdb55f0000 - 0x00007ffdb56f0000 	C:\WINDOWS\System32\ucrtbase.dll
0x00007ffdad3f0000 - 0x00007ffdad68a000 	C:\WINDOWS\WinSxS\amd64_microsoft.windows.common-controls_6595b64144ccf1df_6.0.19041.1110_none_60b5254171f9507e\COMCTL32.dll
0x00007ffdb6de0000 - 0x00007ffdb6e10000 	C:\WINDOWS\System32\IMM32.DLL
0x0000000073dc0000 - 0x0000000073e92000 	C:\Program Files\Java\jdk1.8.0_111\jre\bin\msvcr100.dll
0x0000000073080000 - 0x000000007391a000 	C:\Program Files\Java\jdk1.8.0_111\jre\bin\server\jvm.dll
0x00007ffdb61f0000 - 0x00007ffdb61f8000 	C:\WINDOWS\System32\PSAPI.DLL
0x00007ffdaaa90000 - 0x00007ffdaaa9a000 	C:\WINDOWS\SYSTEM32\VERSION.dll
0x00007ffdadf50000 - 0x00007ffdadf77000 	C:\WINDOWS\SYSTEM32\WINMM.dll
0x00007ffd9ff60000 - 0x00007ffd9ff69000 	C:\WINDOWS\SYSTEM32\WSOCK32.dll
0x00007ffdb7330000 - 0x00007ffdb739b000 	C:\WINDOWS\System32\ws2_32.DLL
0x0000000073d70000 - 0x0000000073d7f000 	C:\Program Files\Java\jdk1.8.0_111\jre\bin\verify.dll
0x0000000073d40000 - 0x0000000073d69000 	C:\Program Files\Java\jdk1.8.0_111\jre\bin\java.dll
0x0000000073d20000 - 0x0000000073d36000 	C:\Program Files\Java\jdk1.8.0_111\jre\bin\zip.dll

VM Arguments:
jvm_args: -Dfile.encoding=UTF-8 
java_command: card.UserCard2
java_class_path (initial): C:\Users\Dell i7 17\Downloads\Card\build\classes
Launcher Type: SUN_STANDARD

Environment Variables:
PATH=C:\Program Files (x86)\Common Files\Oracle\Java\javapath;C:\ProgramData\Oracle\Java\javapath;C:\WINDOWS\system32;C:\WINDOWS;C:\WINDOWS\System32\Wbem;C:\WINDOWS\System32\WindowsPowerShell\v1.0\;C:\WINDOWS\System32\OpenSSH\;C:\Program Files\Git\cmd;C:\Program Files\SASHome\x86\Secure\ccme4;C:\Program Files\SASHome\Secure\ccme4;C:\Users\Dell i7 17\AppData\Local\Microsoft\WindowsApps;
USERNAME=Rheeeiiii
OS=Windows_NT
PROCESSOR_IDENTIFIER=Intel64 Family 6 Model 69 Stepping 1, GenuineIntel



---------------  S Y S T E M  ---------------

OS: Windows 10.0 , 64 bit Build 19041 (10.0.19041.1023)

CPU:total 4 (2 cores per cpu, 2 threads per core) family 6 model 69 stepping 1, cmov, cx8, fxsr, mmx, sse, sse2, sse3, ssse3, sse4.1, sse4.2, popcnt, avx, avx2, aes, clmul, erms, lzcnt, ht, tsc, tscinvbit, bmi1, bmi2

Memory: 4k page, physical 8290124k(1656960k free), swap 33455948k(6056k free)

vm_info: Java HotSpot(TM) 64-Bit Server VM (25.111-b14) for windows-amd64 JRE (1.8.0_111-b14), built on Sep 22 2016 19:24:05 by "java_re" with MS VC++ 10.0 (VS2010)

time: Sat Jul 31 04:45:55 2021
elapsed time: 0 seconds (0d 0h 0m 0s)

